<?xml version="1.0" encoding="UTF-8"?>
<testsuite xmlns:xsi="http://www.w3.org/2001/XMLSchema-instance" xsi:noNamespaceSchemaLocation="https://maven.apache.org/surefire/maven-surefire-plugin/xsd/surefire-test-report-3.0.xsd" version="3.0" name="edu.school21.numbers.NumberWorkerTest" time="0.094" tests="35" errors="0" skipped="0" failures="0">
  <properties>
[...]
</properties>
  <testcase name="isPrimeTrue(int)[1]" classname="edu.school21.numbers.NumberWorkerTest" time="0.017"/>
  <testcase name="isPrimeTrue(int)[2]" classname="edu.school21.numbers.NumberWorkerTest" time="0.001"/>
  <testcase name="isPrimeTrue(int)[3]" classname="edu.school21.numbers.NumberWorkerTest" time="0.001"/>
  <testcase name="isPrimeTrue(int)[4]" classname="edu.school21.numbers.NumberWorkerTest" time="0"/>
  <testcase name="isPrimeTrue(int)[5]" classname="edu.school21.numbers.NumberWorkerTest" time="0.001"/>
  <testcase name="isPrimeTrue(int)[6]" classname="edu.school21.numbers.NumberWorkerTest" time="0.001"/>
  <testcase name="isPrimeTrue(int)[7]" classname="edu.school21.numbers.NumberWorkerTest" time="0"/>
  <testcase name="isPrimeTrue(int)[8]" classname="edu.school21.numbers.NumberWorkerTest" time="0.001"/>
  <testcase name="isPrimeTrue(int)[9]" classname="edu.school21.numbers.NumberWorkerTest" time="0"/>
  <testcase name="isPrimeTrue(int)[10]" classname="edu.school21.numbers.NumberWorkerTest" time="0"/>
  <testcase name="isPrimeTrue(int)[11]" classname="edu.school21.numbers.NumberWorkerTest" time="0.001"/>
  <testcase name="isPrimeExceptionTest(int)[1]" classname="edu.school21.numbers.NumberWorkerTest" time="0.001"/>
  <testcase name="isPrimeExceptionTest(int)[2]" classname="edu.school21.numbers.NumberWorkerTest" time="0.001"/>
  <testcase name="isPrimeExceptionTest(int)[3]" classname="edu.school21.numbers.NumberWorkerTest" time="0.001"/>
  <testcase name="isPrimeExceptionTest(int)[4]" classname="edu.school21.numbers.NumberWorkerTest" time="0.001"/>
  <testcase name="checkDigitsSum(int, int)[1]" classname="edu.school21.numbers.NumberWorkerTest" time="0.002"/>
  <testcase name="checkDigitsSum(int, int)[2]" classname="edu.school21.numbers.NumberWorkerTest" time="0"/>
  <testcase name="checkDigitsSum(int, int)[3]" classname="edu.school21.numbers.NumberWorkerTest" time="0"/>
  <testcase name="checkDigitsSum(int, int)[4]" classname="edu.school21.numbers.NumberWorkerTest" time="0.001"/>
  <testcase name="checkDigitsSum(int, int)[5]" classname="edu.school21.numbers.NumberWorkerTest" time="0.001"/>
  <testcase name="checkDigitsSum(int, int)[6]" classname="edu.school21.numbers.NumberWorkerTest" time="0.001"/>
  <testcase name="checkDigitsSum(int, int)[7]" classname="edu.school21.numbers.NumberWorkerTest" time="0.001"/>
  <testcase name="checkDigitsSum(int, int)[8]" classname="edu.school21.numbers.NumberWorkerTest" time="0.001"/>
  <testcase name="checkDigitsSum(int, int)[9]" classname="edu.school21.numbers.NumberWorkerTest" time="0.001"/>
  <testcase name="checkDigitsSum(int, int)[10]" classname="edu.school21.numbers.NumberWorkerTest" time="0.001"/>
  <testcase name="checkDigitsSum(int, int)[11]" classname="edu.school21.numbers.NumberWorkerTest" time="0.001"/>
  <testcase name="checkDigitsSum(int, int)[12]" classname="edu.school21.numbers.NumberWorkerTest" time="0.001"/>
  <testcase name="checkDigitsSum(int, int)[13]" classname="edu.school21.numbers.NumberWorkerTest" time="0.001"/>
  <testcase name="checkDigitsSum(int, int)[14]" classname="edu.school21.numbers.NumberWorkerTest" time="0"/>
  <testcase name="isPrimeFalse(int)[1]" classname="edu.school21.numbers.NumberWorkerTest" time="0.001"/>
  <testcase name="isPrimeFalse(int)[2]" classname="edu.school21.numbers.NumberWorkerTest" time="0.001"/>
  <testcase name="isPrimeFalse(int)[3]" classname="edu.school21.numbers.NumberWorkerTest" time="0.001"/>
  <testcase name="isPrimeFalse(int)[4]" classname="edu.school21.numbers.NumberWorkerTest" time="0"/>
  <testcase name="isPrimeFalse(int)[5]" classname="edu.school21.numbers.NumberWorkerTest" time="0"/>
  <testcase name="isPrimeFalse(int)[6]" classname="edu.school21.numbers.NumberWorkerTest" time="0.001"/>
</testsuite>